1451675647.644076 server started, pid 6382
1451675647.644359 continuing cmdq 0x81d2a4d8: flags=0, client=-1
1451675647.646543 cmdq 0x81d2a4d8: bind-key C-b send-prefix
1451675647.647007 continuing cmdq 0x81d2a4d8: flags=0, client=-1
1451675647.647091 cmdq 0x81d2a4d8: bind-key C-o rotate-window
1451675647.647176 continuing cmdq 0x81d2a4d8: flags=0, client=-1
1451675647.647256 cmdq 0x81d2a4d8: bind-key C-z suspend-client
1451675647.647342 continuing cmdq 0x81d2a4d8: flags=0, client=-1
1451675647.647527 cmdq 0x81d2a4d8: bind-key Space next-layout
1451675647.647620 continuing cmdq 0x81d2a4d8: flags=0, client=-1
1451675647.647696 cmdq 0x81d2a4d8: bind-key ! break-pane
1451675647.647816 continuing cmdq 0x81d2a4d8: flags=0, client=-1
1451675647.647900 cmdq 0x81d2a4d8: bind-key " split-window
1451675647.647989 continuing cmdq 0x81d2a4d8: flags=0, client=-1
1451675647.648069 cmdq 0x81d2a4d8: bind-key # list-buffers
1451675647.648159 continuing cmdq 0x81d2a4d8: flags=0, client=-1
1451675647.648240 cmdq 0x81d2a4d8: bind-key $ command-prompt -I#S "rename-session '%%'"
1451675647.648330 continuing cmdq 0x81d2a4d8: flags=0, client=-1
1451675647.648626 cmdq 0x81d2a4d8: bind-key % split-window -h
1451675647.649035 continuing cmdq 0x81d2a4d8: flags=0, client=-1
1451675647.649122 cmdq 0x81d2a4d8: bind-key & confirm-before "-pkill-window #W? (y/n)" kill-window
1451675647.649248 continuing cmdq 0x81d2a4d8: flags=0, client=-1
1451675647.649642 cmdq 0x81d2a4d8: bind-key ' command-prompt -pindex "select-window -t ':%%'"
1451675647.649733 continuing cmdq 0x81d2a4d8: flags=0, client=-1
1451675647.649815 cmdq 0x81d2a4d8: bind-key ( switch-client -p
1451675647.649904 continuing cmdq 0x81d2a4d8: flags=0, client=-1
1451675647.650088 cmdq 0x81d2a4d8: bind-key ) switch-client -n
1451675647.650182 continuing cmdq 0x81d2a4d8: flags=0, client=-1
1451675647.650264 cmdq 0x81d2a4d8: bind-key , command-prompt -I#W "rename-window '%%'"
1451675647.650351 continuing cmdq 0x81d2a4d8: flags=0, client=-1
1451675647.650432 cmdq 0x81d2a4d8: bind-key - delete-buffer
1451675647.650519 continuing cmdq 0x81d2a4d8: flags=0, client=-1
1451675647.650608 cmdq 0x81d2a4d8: bind-key . command-prompt "move-window -t '%%'"
1451675647.650696 continuing cmdq 0x81d2a4d8: flags=0, client=-1
1451675647.650777 cmdq 0x81d2a4d8: bind-key 0 select-window -t:=0
1451675647.650866 continuing cmdq 0x81d2a4d8: flags=0, client=-1
1451675647.650946 cmdq 0x81d2a4d8: bind-key 1 select-window -t:=1
1451675647.651034 continuing cmdq 0x81d2a4d8: flags=0, client=-1
1451675647.651114 cmdq 0x81d2a4d8: bind-key 2 select-window -t:=2
1451675647.651202 continuing cmdq 0x81d2a4d8: flags=0, client=-1
1451675647.651282 cmdq 0x81d2a4d8: bind-key 3 select-window -t:=3
1451675647.651370 continuing cmdq 0x81d2a4d8: flags=0, client=-1
1451675647.651449 cmdq 0x81d2a4d8: bind-key 4 select-window -t:=4
1451675647.651537 continuing cmdq 0x81d2a4d8: flags=0, client=-1
1451675647.651616 cmdq 0x81d2a4d8: bind-key 5 select-window -t:=5
1451675647.651704 continuing cmdq 0x81d2a4d8: flags=0, client=-1
1451675647.651783 cmdq 0x81d2a4d8: bind-key 6 select-window -t:=6
1451675647.651871 continuing cmdq 0x81d2a4d8: flags=0, client=-1
1451675647.651951 cmdq 0x81d2a4d8: bind-key 7 select-window -t:=7
1451675647.652039 continuing cmdq 0x81d2a4d8: flags=0, client=-1
1451675647.652118 cmdq 0x81d2a4d8: bind-key 8 select-window -t:=8
1451675647.652205 continuing cmdq 0x81d2a4d8: flags=0, client=-1
1451675647.652284 cmdq 0x81d2a4d8: bind-key 9 select-window -t:=9
1451675647.652376 continuing cmdq 0x81d2a4d8: flags=0, client=-1
1451675647.652485 cmdq 0x81d2a4d8: bind-key : command-prompt
1451675647.652571 continuing cmdq 0x81d2a4d8: flags=0, client=-1
1451675647.652649 cmdq 0x81d2a4d8: bind-key ; last-pane
1451675647.652735 continuing cmdq 0x81d2a4d8: flags=0, client=-1
1451675647.652813 cmdq 0x81d2a4d8: bind-key = choose-buffer
1451675647.652896 continuing cmdq 0x81d2a4d8: flags=0, client=-1
1451675647.652974 cmdq 0x81d2a4d8: bind-key ? list-keys
1451675647.653058 continuing cmdq 0x81d2a4d8: flags=0, client=-1
1451675647.653136 cmdq 0x81d2a4d8: bind-key D choose-client
1451675647.653298 continuing cmdq 0x81d2a4d8: flags=0, client=-1
1451675647.653380 cmdq 0x81d2a4d8: bind-key L switch-client -l
1451675647.653754 continuing cmdq 0x81d2a4d8: flags=0, client=-1
1451675647.653840 cmdq 0x81d2a4d8: bind-key M select-pane -M
1451675647.653929 continuing cmdq 0x81d2a4d8: flags=0, client=-1
1451675647.654009 cmdq 0x81d2a4d8: bind-key [ copy-mode
1451675647.654096 continuing cmdq 0x81d2a4d8: flags=0, client=-1
1451675647.654176 cmdq 0x81d2a4d8: bind-key ] paste-buffer
1451675647.654263 continuing cmdq 0x81d2a4d8: flags=0, client=-1
1451675647.654343 cmdq 0x81d2a4d8: bind-key c new-window
1451675647.654429 continuing cmdq 0x81d2a4d8: flags=0, client=-1
1451675647.654509 cmdq 0x81d2a4d8: bind-key d detach-client
1451675647.654597 continuing cmdq 0x81d2a4d8: flags=0, client=-1
1451675647.654678 cmdq 0x81d2a4d8: bind-key f command-prompt "find-window '%%'"
1451675647.654766 continuing cmdq 0x81d2a4d8: flags=0, client=-1
1451675647.654846 cmdq 0x81d2a4d8: bind-key i display-message
1451675647.654955 continuing cmdq 0x81d2a4d8: flags=0, client=-1
1451675647.655036 cmdq 0x81d2a4d8: bind-key l last-window
1451675647.655122 continuing cmdq 0x81d2a4d8: flags=0, client=-1
1451675647.655203 cmdq 0x81d2a4d8: bind-key m select-pane -m
1451675647.655290 continuing cmdq 0x81d2a4d8: flags=0, client=-1
1451675647.655369 cmdq 0x81d2a4d8: bind-key n next-window
1451675647.655455 continuing cmdq 0x81d2a4d8: flags=0, client=-1
1451675647.655535 cmdq 0x81d2a4d8: bind-key o select-pane -t:.+
1451675647.655623 continuing cmdq 0x81d2a4d8: flags=0, client=-1
1451675647.655702 cmdq 0x81d2a4d8: bind-key p previous-window
1451675647.655788 continuing cmdq 0x81d2a4d8: flags=0, client=-1
1451675647.655866 cmdq 0x81d2a4d8: bind-key q display-panes
1451675647.655952 continuing cmdq 0x81d2a4d8: flags=0, client=-1
1451675647.656031 cmdq 0x81d2a4d8: bind-key r refresh-client
1451675647.656116 continuing cmdq 0x81d2a4d8: flags=0, client=-1
1451675647.656195 cmdq 0x81d2a4d8: bind-key s choose-tree
1451675647.656400 continuing cmdq 0x81d2a4d8: flags=0, client=-1
1451675647.656494 cmdq 0x81d2a4d8: bind-key t clock-mode
1451675647.656581 continuing cmdq 0x81d2a4d8: flags=0, client=-1
1451675647.656660 cmdq 0x81d2a4d8: bind-key w choose-window
1451675647.656755 continuing cmdq 0x81d2a4d8: flags=0, client=-1
1451675647.656837 cmdq 0x81d2a4d8: bind-key x confirm-before "-pkill-pane #P? (y/n)" kill-pane
1451675647.656925 continuing cmdq 0x81d2a4d8: flags=0, client=-1
1451675647.657005 cmdq 0x81d2a4d8: bind-key z resize-pane -Z
1451675647.657093 continuing cmdq 0x81d2a4d8: flags=0, client=-1
1451675647.657172 cmdq 0x81d2a4d8: bind-key { swap-pane -U
1451675647.657259 continuing cmdq 0x81d2a4d8: flags=0, client=-1
1451675647.657339 cmdq 0x81d2a4d8: bind-key } swap-pane -D
1451675647.657442 continuing cmdq 0x81d2a4d8: flags=0, client=-1
1451675647.657618 cmdq 0x81d2a4d8: bind-key ~ show-messages
1451675647.657933 continuing cmdq 0x81d2a4d8: flags=0, client=-1
1451675647.658016 cmdq 0x81d2a4d8: bind-key PPage copy-mode -u
1451675647.658107 continuing cmdq 0x81d2a4d8: flags=0, client=-1
1451675647.658189 cmdq 0x81d2a4d8: bind-key -r Up select-pane -U
1451675647.658280 continuing cmdq 0x81d2a4d8: flags=0, client=-1
1451675647.658360 cmdq 0x81d2a4d8: bind-key -r Down select-pane -D
1451675647.658449 continuing cmdq 0x81d2a4d8: flags=0, client=-1
1451675647.658528 cmdq 0x81d2a4d8: bind-key -r Left select-pane -L
1451675647.658618 continuing cmdq 0x81d2a4d8: flags=0, client=-1
1451675647.658697 cmdq 0x81d2a4d8: bind-key -r Right select-pane -R
1451675647.658787 continuing cmdq 0x81d2a4d8: flags=0, client=-1
1451675647.658866 cmdq 0x81d2a4d8: bind-key M-1 select-layout even-horizontal
1451675647.658955 continuing cmdq 0x81d2a4d8: flags=0, client=-1
1451675647.659033 cmdq 0x81d2a4d8: bind-key M-2 select-layout even-vertical
1451675647.659121 continuing cmdq 0x81d2a4d8: flags=0, client=-1
1451675647.659200 cmdq 0x81d2a4d8: bind-key M-3 select-layout main-horizontal
1451675647.659287 continuing cmdq 0x81d2a4d8: flags=0, client=-1
1451675647.659438 cmdq 0x81d2a4d8: bind-key M-4 select-layout main-vertical
1451675647.659530 continuing cmdq 0x81d2a4d8: flags=0, client=-1
1451675647.659611 cmdq 0x81d2a4d8: bind-key M-5 select-layout tiled
1451675647.659700 continuing cmdq 0x81d2a4d8: flags=0, client=-1
1451675647.659780 cmdq 0x81d2a4d8: bind-key M-n next-window -a
1451675647.659868 continuing cmdq 0x81d2a4d8: flags=0, client=-1
1451675647.659949 cmdq 0x81d2a4d8: bind-key M-o rotate-window -D
1451675647.660037 continuing cmdq 0x81d2a4d8: flags=0, client=-1
1451675647.660116 cmdq 0x81d2a4d8: bind-key M-p previous-window -a
1451675647.660206 continuing cmdq 0x81d2a4d8: flags=0, client=-1
1451675647.660287 cmdq 0x81d2a4d8: bind-key -r M-Up resize-pane -U 5
1451675647.660380 continuing cmdq 0x81d2a4d8: flags=0, client=-1
1451675647.660501 cmdq 0x81d2a4d8: bind-key -r M-Down resize-pane -D 5
1451675647.660596 continuing cmdq 0x81d2a4d8: flags=0, client=-1
1451675647.660808 cmdq 0x81d2a4d8: bind-key -r M-Left resize-pane -L 5
1451675647.660904 continuing cmdq 0x81d2a4d8: flags=0, client=-1
1451675647.660986 cmdq 0x81d2a4d8: bind-key -r M-Right resize-pane -R 5
1451675647.661078 continuing cmdq 0x81d2a4d8: flags=0, client=-1
1451675647.661159 cmdq 0x81d2a4d8: bind-key -r C-Up resize-pane -U
1451675647.661250 continuing cmdq 0x81d2a4d8: flags=0, client=-1
1451675647.661332 cmdq 0x81d2a4d8: bind-key -r C-Down resize-pane -D
1451675647.661422 continuing cmdq 0x81d2a4d8: flags=0, client=-1
1451675647.661510 cmdq 0x81d2a4d8: bind-key -r C-Left resize-pane -L
1451675647.661603 continuing cmdq 0x81d2a4d8: flags=0, client=-1
1451675647.661685 cmdq 0x81d2a4d8: bind-key -r C-Right resize-pane -R
1451675647.662051 continuing cmdq 0x81d2a4d8: flags=0, client=-1
1451675647.662142 cmdq 0x81d2a4d8: bind-key -n MouseDown1Pane select-pane -t=; send-keys -M
1451675647.662241 continuing cmdq 0x81d2a4d8: flags=0, client=-1
1451675647.662322 cmdq 0x81d2a4d8: bind-key -n MouseDrag1Border resize-pane -M
1451675647.662416 continuing cmdq 0x81d2a4d8: flags=0, client=-1
1451675647.662500 cmdq 0x81d2a4d8: bind-key -n MouseDown1Status select-window -t=
1451675647.662593 continuing cmdq 0x81d2a4d8: flags=0, client=-1
1451675647.662675 cmdq 0x81d2a4d8: bind-key -n WheelDownStatus next-window
1451675647.662768 continuing cmdq 0x81d2a4d8: flags=0, client=-1
1451675647.662850 cmdq 0x81d2a4d8: bind-key -n WheelUpStatus previous-window
1451675647.662952 continuing cmdq 0x81d2a4d8: flags=0, client=-1
1451675647.663040 cmdq 0x81d2a4d8: bind-key -n MouseDrag1Pane if -Ft= #{mouse_any_flag} "if -Ft= "#{pane_in_mode}" "copy-mode -M" "send-keys -M"" "copy-mode -M"
1451675647.663143 continuing cmdq 0x81d2a4d8: flags=0, client=-1
1451675647.663231 cmdq 0x81d2a4d8: bind-key -n MouseDown3Pane if-shell -Ft= #{mouse_any_flag} "select-pane -t=; send-keys -M" "select-pane -mt="
1451675647.663335 continuing cmdq 0x81d2a4d8: flags=0, client=-1
1451675647.663423 cmdq 0x81d2a4d8: bind-key -n WheelUpPane if-shell -Ft= #{mouse_any_flag} "send-keys -M" "if -Ft= "#{pane_in_mode}" "send-keys -M" "copy-mode -et=""
1451675647.663876 socket path /tmp/tmux-1000/default
1451675647.664121 new client 7
1451675647.664255 continuing cmdq 0x81d3d920: flags=0, client=-1
1451675647.664334 unref client 7 (2 references)
1451675647.664440 event dispatch enter
1451675647.664553 got 100 from client 7
1451675647.664635 got 101 from client 7
1451675647.664710 got 102 from client 7
1451675647.664785 got 103 from client 7
1451675647.664862 event dispatch exit
1451675647.664937 event dispatch enter
1451675647.665030 got 104 from client 7
1451675647.665551 event dispatch exit
1451675647.671022 event dispatch enter
1451675647.674104 got 107 from client 7
1451675647.674196 got 105 from client 7
1451675647.674280 got 105 from client 7
1451675647.674359 got 105 from client 7
1451675647.674437 got 105 from client 7
1451675647.674518 got 105 from client 7
1451675647.674598 got 105 from client 7
1451675647.674678 got 105 from client 7
1451675647.674757 got 105 from client 7
1451675647.674836 got 105 from client 7
1451675647.674970 got 105 from client 7
1451675647.676839 got 105 from client 7
1451675647.676939 got 105 from client 7
1451675647.677023 got 105 from client 7
1451675647.677232 got 105 from client 7
1451675647.677316 got 105 from client 7
1451675647.677398 got 105 from client 7
1451675647.677480 got 105 from client 7
1451675647.677562 got 105 from client 7
1451675647.677644 got 105 from client 7
1451675647.677733 got 105 from client 7
1451675647.677907 got 105 from client 7
1451675647.677996 got 105 from client 7
1451675647.678078 got 105 from client 7
1451675647.678159 got 105 from client 7
1451675647.678240 got 105 from client 7
1451675647.678322 got 105 from client 7
1451675647.678403 got 105 from client 7
1451675647.678484 got 105 from client 7
1451675647.678566 got 105 from client 7
1451675647.678647 got 105 from client 7
1451675647.678728 got 105 from client 7
1451675647.678809 got 105 from client 7
1451675647.678890 got 105 from client 7
1451675647.678971 got 105 from client 7
1451675647.679052 got 105 from client 7
1451675647.679133 got 105 from client 7
1451675647.679213 got 105 from client 7
1451675647.679294 got 105 from client 7
1451675647.679375 got 105 from client 7
1451675647.679455 got 105 from client 7
1451675647.679536 got 105 from client 7
1451675647.679617 got 106 from client 7
1451675647.679758 got 200 from client 7
1451675647.679854 continuing cmdq 0x81d2a4d8: flags=0, client=7
1451675647.679936 cmdq 0x81d2a4d8: new-session
1451675647.680018 new term: xterm-256color
1451675647.680429 xterm-256color override: XT 
1451675647.680516 xterm-256color override: Ms \033]52;%p1%s;%p2%s\a
1451675647.680597 xterm-256color override: Cs \033]12;%p1%s\a
1451675647.680676 xterm-256color override: Cr \033]112\a
1451675647.680795 xterm-256color override: Ss \033[%p1%d q
1451675647.681158 xterm-256color override: Se \033[2 q
1451675647.681315 new key \033Oo: 0x103c (KP/)
1451675647.681396 new key \033Oj: 0x103d (KP*)
1451675647.681475 new key \033Om: 0x103e (KP-)
1451675647.681553 new key \033Ow: 0x103f (KP7)
1451675647.681630 new key \033Ox: 0x1040 (KP8)
1451675647.681707 new key \033Oy: 0x1041 (KP9)
1451675647.681784 new key \033Ok: 0x1042 (KP+)
1451675647.681861 new key \033Ot: 0x1043 (KP4)
1451675647.681937 new key \033Ou: 0x1044 (KP5)
1451675647.682014 new key \033Ov: 0x1045 (KP6)
1451675647.682090 new key \033Oq: 0x1046 (KP1)
1451675647.682166 new key \033Or: 0x1047 (KP2)
1451675647.682243 new key \033Os: 0x1048 (KP3)
1451675647.682319 new key \033OM: 0x1049 (KPEnter)
1451675647.682396 new key \033Op: 0x104a (KP0)
1451675647.682472 new key \033On: 0x104b (KP.)
1451675647.682548 new key \033OA: 0x1038 (Up)
1451675647.682624 new key \033OB: 0x1039 (Down)
1451675647.682701 new key \033OC: 0x103b (Right)
1451675647.682777 new key \033OD: 0x103a (Left)
1451675647.682853 new key \033[A: 0x1038 (Up)
1451675647.682929 new key \033[B: 0x1039 (Down)
1451675647.683004 new key \033[C: 0x103b (Right)
1451675647.683080 new key \033[D: 0x103a (Left)
1451675647.683157 new key \033OH: 0x1033 (Home)
1451675647.683234 new key \033OF: 0x1034 (End)
1451675647.683310 new key \033[H: 0x1033 (Home)
1451675647.683386 new key \033[F: 0x1034 (End)
1451675647.683463 new key \033Oa: 0x5038 (C-Up)
1451675647.683540 new key \033Ob: 0x5039 (C-Down)
1451675647.683616 new key \033Oc: 0x503b (C-Right)
1451675647.683692 new key \033Od: 0x503a (C-Left)
1451675647.683768 new key \033[a: 0x9038 (S-Up)
1451675647.683844 new key \033[b: 0x9039 (S-Down)
1451675647.683920 new key \033[c: 0x903b (S-Right)
1451675647.684004 new key \033[d: 0x903a (S-Left)
1451675647.684080 new key \033[11^: 0x5025 (C-F1)
1451675647.684157 new key \033[12^: 0x5026 (C-F2)
1451675647.684232 new key \033[13^: 0x5027 (C-F3)
1451675647.684308 new key \033[14^: 0x5028 (C-F4)
1451675647.684383 new key \033[15^: 0x5029 (C-F5)
1451675647.684470 new key \033[17^: 0x502a (C-F6)
1451675647.684547 new key \033[18^: 0x502b (C-F7)
1451675647.684622 new key \033[19^: 0x502c (C-F8)
1451675647.684697 new key \033[20^: 0x502d (C-F9)
1451675647.684773 new key \033[21^: 0x502e (C-F10)
1451675647.684848 new key \033[23^: 0x502f (C-F11)
1451675647.685220 new key \033[24^: 0x5030 (C-F12)
1451675647.685305 new key \033[2^: 0x5031 (C-IC)
1451675647.685383 new key \033[3^: 0x5032 (C-DC)
1451675647.685461 new key \033[7^: 0x5033 (C-Home)
1451675647.685538 new key \033[8^: 0x5034 (C-End)
1451675647.685616 new key \033[6^: 0x5035 (C-NPage)
1451675647.685693 new key \033[5^: 0x5036 (C-PPage)
1451675647.685770 new key \033[11$: 0x9025 (S-F1)
1451675647.685848 new key \033[12$: 0x9026 (S-F2)
1451675647.685925 new key \033[13$: 0x9027 (S-F3)
1451675647.686001 new key \033[14$: 0x9028 (S-F4)
1451675647.686427 new key \033[15$: 0x9029 (S-F5)
1451675647.686508 new key \033[17$: 0x902a (S-F6)
1451675647.686587 new key \033[18$: 0x902b (S-F7)
1451675647.686665 new key \033[19$: 0x902c (S-F8)
1451675647.686743 new key \033[20$: 0x902d (S-F9)
1451675647.686820 new key \033[21$: 0x902e (S-F10)
1451675647.686897 new key \033[23$: 0x902f (S-F11)
1451675647.686973 new key \033[24$: 0x9030 (S-F12)
1451675647.687053 new key \033[2$: 0x9031 (S-IC)
1451675647.687131 new key \033[3$: 0x9032 (S-DC)
1451675647.687208 new key \033[7$: 0x9033 (S-Home)
1451675647.687284 new key \033[8$: 0x9034 (S-End)
1451675647.687817 new key \033[6$: 0x9035 (S-NPage)
1451675647.687977 new key \033[5$: 0x9036 (S-PPage)
1451675647.688056 new key \033[11@: 0xd025 (C-S-F1)
1451675647.688133 new key \033[12@: 0xd026 (C-S-F2)
1451675647.688387 new key \033[13@: 0xd027 (C-S-F3)
1451675647.688681 new key \033[14@: 0xd028 (C-S-F4)
1451675647.688760 new key \033[15@: 0xd029 (C-S-F5)
1451675647.688837 new key \033[17@: 0xd02a (C-S-F6)
1451675647.688915 new key \033[18@: 0xd02b (C-S-F7)
1451675647.688992 new key \033[19@: 0xd02c (C-S-F8)
1451675647.689069 new key \033[20@: 0xd02d (C-S-F9)
1451675647.689482 new key \033[21@: 0xd02e (C-S-F10)
1451675647.689562 new key \033[23@: 0xd02f (C-S-F11)
1451675647.689639 new key \033[24@: 0xd030 (C-S-F12)
1451675647.689717 new key \033[2@: 0xd031 (C-S-IC)
1451675647.689793 new key \033[3@: 0xd032 (C-S-DC)
1451675647.689871 new key \033[7@: 0xd033 (C-S-Home)
1451675647.689947 new key \033[8@: 0xd034 (C-S-End)
1451675647.690024 new key \033[6@: 0xd035 (C-S-NPage)
1451675647.690102 new key \033[5@: 0xd036 (C-S-PPage)
1451675647.690179 new key \033[I: 0x1000 ((null))
1451675647.690256 new key \033[O: 0x1001 ((null))
1451675647.690333 new key \033OP: 0x1025 (F1)
1451675647.690409 new key \033OQ: 0x1026 (F2)
1451675647.690485 new key \033OR: 0x1027 (F3)
1451675647.690562 new key \033OS: 0x1028 (F4)
1451675647.690638 new key \033[15~: 0x1029 (F5)
1451675647.690714 new key \033[17~: 0x102a (F6)
1451675647.690790 new key \033[18~: 0x102b (F7)
1451675647.690866 new key \033[19~: 0x102c (F8)
1451675647.690942 new key \033[20~: 0x102d (F9)
1451675647.691018 new key \033[21~: 0x102e (F10)
1451675647.691094 new key \033[23~: 0x102f (F11)
1451675647.691169 new key \033[24~: 0x1030 (F12)
1451675647.691246 new key \033[1;2P: 0x9025 (S-F1)
1451675647.691322 new key \033[1;2Q: 0x9026 (S-F2)
1451675647.691398 new key \033[1;2R: 0x9027 (S-F3)
1451675647.691473 new key \033[1;2S: 0x9028 (S-F4)
1451675647.691549 new key \033[15;2~: 0x9029 (S-F5)
1451675647.691626 new key \033[17;2~: 0x902a (S-F6)
1451675647.691718 new key \033[18;2~: 0x902b (S-F7)
1451675647.691795 new key \033[19;2~: 0x902c (S-F8)
1451675647.691871 new key \033[20;2~: 0x902d (S-F9)
1451675647.691947 new key \033[21;2~: 0x902e (S-F10)
1451675647.692024 new key \033[23;2~: 0x902f (S-F11)
1451675647.692124 new key \033[24;2~: 0x9030 (S-F12)
1451675647.692202 new key \033[1;5P: 0x5025 (C-F1)
1451675647.692278 new key \033[1;5Q: 0x5026 (C-F2)
1451675647.692354 new key \033[1;5R: 0x5027 (C-F3)
1451675647.692446 new key \033[1;5S: 0x5028 (C-F4)
1451675647.692525 new key \033[15;5~: 0x5029 (C-F5)
1451675647.692602 new key \033[17;5~: 0x502a (C-F6)
1451675647.692680 new key \033[18;5~: 0x502b (C-F7)
1451675647.692757 new key \033[19;5~: 0x502c (C-F8)
1451675647.692834 new key \033[20;5~: 0x502d (C-F9)
1451675647.692911 new key \033[21;5~: 0x502e (C-F10)
1451675647.692988 new key \033[23;5~: 0x502f (C-F11)
1451675647.693064 new key \033[24;5~: 0x5030 (C-F12)
1451675647.693215 new key \033[1;6P: 0xd025 (C-S-F1)
1451675647.693576 new key \033[1;6Q: 0xd026 (C-S-F2)
1451675647.693670 new key \033[1;6R: 0xd027 (C-S-F3)
1451675647.693753 new key \033[1;6S: 0xd028 (C-S-F4)
1451675647.693834 new key \033[15;6~: 0xd029 (C-S-F5)
1451675647.693914 new key \033[17;6~: 0xd02a (C-S-F6)
1451675647.693995 new key \033[18;6~: 0xd02b (C-S-F7)
1451675647.694075 new key \033[19;6~: 0xd02c (C-S-F8)
1451675647.694156 new key \033[20;6~: 0xd02d (C-S-F9)
1451675647.694235 new key \033[21;6~: 0xd02e (C-S-F10)
1451675647.694316 new key \033[23;6~: 0xd02f (C-S-F11)
1451675647.694397 new key \033[24;6~: 0xd030 (C-S-F12)
1451675647.694477 new key \033[1;3P: 0x3025 (M-F1)
1451675647.694557 new key \033[1;3Q: 0x3026 (M-F2)
1451675647.694637 new key \033[1;3R: 0x3027 (M-F3)
1451675647.694717 new key \033[1;3S: 0x3028 (M-F4)
1451675647.694796 new key \033[15;3~: 0x3029 (M-F5)
1451675647.694876 new key \033[17;3~: 0x302a (M-F6)
1451675647.694957 new key \033[18;3~: 0x302b (M-F7)
1451675647.695037 new key \033[19;3~: 0x302c (M-F8)
1451675647.695117 new key \033[20;3~: 0x302d (M-F9)
1451675647.695197 new key \033[21;3~: 0x302e (M-F10)
1451675647.695277 new key \033[23;3~: 0x302f (M-F11)
1451675647.695357 new key \033[24;3~: 0x3030 (M-F12)
1451675647.695436 new key \033[1;4P: 0xb025 (M-S-F1)
1451675647.695516 new key \033[1;4Q: 0xb026 (M-S-F2)
1451675647.695596 new key \033[1;4R: 0xb027 (M-S-F3)
1451675647.695675 new key \033[2~: 0x1031 (IC)
1451675647.695754 new key \033[3~: 0x1032 (DC)
1451675647.695833 replacing key \033OH: 0x1033 (Home)
1451675647.695913 replacing key \033OF: 0x1034 (End)
1451675647.695992 new key \033[6~: 0x1035 (NPage)
1451675647.696071 new key \033[5~: 0x1036 (PPage)
1451675647.696150 new key \033[Z: 0x1037 (BTab)
1451675647.696331 replacing key \033OA: 0x1038 (Up)
1451675647.696426 replacing key \033OB: 0x1039 (Down)
1451675647.696507 replacing key \033OD: 0x103a (Left)
1451675647.696586 replacing key \033OC: 0x103b (Right)
1451675647.696707 new key \033[3;2~: 0x9032 (S-DC)
1451675647.696790 new key \033[3;3~: 0x3032 (M-DC)
1451675647.696869 new key \033[3;4~: 0xb032 (M-S-DC)
1451675647.696949 new key \033[3;5~: 0x5032 (C-DC)
1451675647.697028 new key \033[3;6~: 0xd032 (C-S-DC)
1451675647.697108 new key \033[3;7~: 0x7032 (C-M-DC)
1451675647.697187 new key \033[1;2B: 0x9039 (S-Down)
1451675647.697266 new key \033[1;3B: 0x3039 (M-Down)
1451675647.697346 new key \033[1;4B: 0xb039 (M-S-Down)
1451675647.697426 new key \033[1;5B: 0x5039 (C-Down)
1451675647.697767 new key \033[1;6B: 0xd039 (C-S-Down)
1451675647.697850 new key \033[1;7B: 0x7039 (C-M-Down)
1451675647.697931 new key \033[1;2F: 0x9034 (S-End)
1451675647.698017 new key \033[1;3F: 0x3034 (M-End)
1451675647.698189 new key \033[1;4F: 0xb034 (M-S-End)
1451675647.698271 new key \033[1;5F: 0x5034 (C-End)
1451675647.698353 new key \033[1;6F: 0xd034 (C-S-End)
1451675647.698435 new key \033[1;7F: 0x7034 (C-M-End)
1451675647.698517 new key \033[1;2H: 0x9033 (S-Home)
1451675647.698600 new key \033[1;3H: 0x3033 (M-Home)
1451675647.698681 new key \033[1;4H: 0xb033 (M-S-Home)
1451675647.698764 new key \033[1;5H: 0x5033 (C-Home)
1451675647.698845 new key \033[1;6H: 0xd033 (C-S-Home)
1451675647.698927 new key \033[1;7H: 0x7033 (C-M-Home)
1451675647.699008 new key \033[2;2~: 0x9031 (S-IC)
1451675647.699090 new key \033[2;3~: 0x3031 (M-IC)
1451675647.699172 new key \033[2;4~: 0xb031 (M-S-IC)
1451675647.699253 new key \033[2;5~: 0x5031 (C-IC)
1451675647.699334 new key \033[2;6~: 0xd031 (C-S-IC)
1451675647.699415 new key \033[2;7~: 0x7031 (C-M-IC)
1451675647.699496 new key \033[1;2D: 0x903a (S-Left)
1451675647.699578 new key \033[1;3D: 0x303a (M-Left)
1451675647.699658 new key \033[1;4D: 0xb03a (M-S-Left)
1451675647.699739 new key \033[1;5D: 0x503a (C-Left)
1451675647.699820 new key \033[1;6D: 0xd03a (C-S-Left)
1451675647.699901 new key \033[1;7D: 0x703a (C-M-Left)
1451675647.699981 new key \033[6;2~: 0x9035 (S-NPage)
1451675647.700062 new key \033[6;3~: 0x3035 (M-NPage)
1451675647.700143 new key \033[6;4~: 0xb035 (M-S-NPage)
1451675647.700294 new key \033[6;5~: 0x5035 (C-NPage)
1451675647.700378 new key \033[6;6~: 0xd035 (C-S-NPage)
1451675647.700474 new key \033[6;7~: 0x7035 (C-M-NPage)
1451675647.700557 new key \033[5;2~: 0x9036 (S-PPage)
1451675647.700638 new key \033[5;3~: 0x3036 (M-PPage)
1451675647.700720 new key \033[5;4~: 0xb036 (M-S-PPage)
1451675647.700801 new key \033[5;5~: 0x5036 (C-PPage)
1451675647.700883 new key \033[5;6~: 0xd036 (C-S-PPage)
1451675647.700970 new key \033[5;7~: 0x7036 (C-M-PPage)
1451675647.701052 new key \033[1;2C: 0x903b (S-Right)
1451675647.701134 new key \033[1;3C: 0x303b (M-Right)
1451675647.701215 new key \033[1;4C: 0xb03b (M-S-Right)
1451675647.701296 new key \033[1;5C: 0x503b (C-Right)
1451675647.701378 new key \033[1;6C: 0xd03b (C-S-Right)
1451675647.701459 new key \033[1;7C: 0x703b (C-M-Right)
1451675647.701540 new key \033[1;2A: 0x9038 (S-Up)
1451675647.701914 new key \033[1;3A: 0x3038 (M-Up)
1451675647.702000 new key \033[1;4A: 0xb038 (M-S-Up)
1451675647.702084 new key \033[1;5A: 0x5038 (C-Up)
1451675647.702166 new key \033[1;6A: 0xd038 (C-S-Up)
1451675647.702248 new key \033[1;7A: 0x7038 (C-M-Up)
1451675647.702401 @0 alerts flags added 0x2
1451675647.702495 spawn: /bin/bash -- 
1451675647.705142 @0 alerts timer reset 0
1451675647.705286 session 0 created
1451675647.705373 writing 207 to client 7
1451675647.705469 client 7, status interval 15
1451675647.705579 session 0 has 3 references
1451675647.705666 session 0 has 2 references
1451675647.706154 unref client 7 (2 references)
1451675647.706271 event dispatch exit
1451675647.706721 format '[#S] ' -> '[0] '
1451675647.707032 format ' "#{=21:pane_title}" 21:14 01-Jan-16' -> ' "Negoiu" 21:14 01-Jan-16'
1451675647.707278 format '#{window_flags}' -> '*'
1451675647.707372 format '#I:#W#{?window_flags,#{window_flags}, }' -> '0:bash*'
1451675647.707803 @0 active pane not changed
1451675647.708351 event dispatch enter
1451675647.708513 event dispatch exit
1451675647.708688 @0 active pane not changed
1451675647.708767 event dispatch enter
1451675647.708920 got 208 from client 7
1451675647.709005 event dispatch exit
1451675647.709085 @0 active pane not changed
1451675647.709172 event dispatch enter
1451675647.775536 %0 has 41 bytes
1451675647.775696 @0 alerts timer reset 0
1451675647.775829 input_parse: %0 ground, 41 bytes: nic@Negoiu:/mnt/D/Nic/Markdown/wiwikwlh$ 
1451675647.775990 event dispatch exit
1451675647.776077 @0 active pane changed
1451675647.776454 format '#{pane_current_command}' -> 'bash'
1451675647.776540 format '' -> ''
1451675647.776621 format '#{?pane_in_mode,[tmux],#{pane_current_command}}#{?pane_dead,[dead],}' -> 'bash'
1451675647.776708 @0 name not changed (still bash)
1451675647.776785 event dispatch enter
1451675647.776885 event dispatch exit
1451675647.777037 @0 active pane not changed
1451675647.777113 event dispatch enter
1451675652.055273 keys are 1 (\002)
1451675652.055533 complete key \002 0x2
1451675652.055713 session 0 not pasting
1451675652.055830 event dispatch exit
1451675652.056109 format '[#S] ' -> '[0] '
1451675652.056364 format ' "#{=21:pane_title}" 21:14 01-Jan-16' -> ' "Negoiu" 21:14 01-Jan-16'
1451675652.056623 format '#{window_flags}' -> '*'
1451675652.056708 format '#I:#W#{?window_flags,#{window_flags}, }' -> '0:bash*'
1451675652.056837 @0 active pane not changed
1451675652.056917 event dispatch enter
1451675652.287241 keys are 1 (x)
1451675652.287410 complete key x 0x78
1451675652.287515 session 0 not pasting
1451675652.287615 continuing cmdq 0x81d2a4d8: flags=0, client=7
1451675652.287704 cmdq 0x81d2a4d8: confirm-before -p "kill-pane #P? (y/n)" kill-pane
1451675652.287938 format 'kill-pane #P? (y/n) ' -> 'kill-pane 0? (y/n) '
1451675652.288040 event dispatch exit
1451675652.288209 @0 active pane not changed
1451675652.288290 event dispatch enter
1451675652.288421 event dispatch exit
1451675652.288570 @0 active pane not changed
1451675652.288653 event dispatch enter
1451675653.303225 keys are 1 (\r)
1451675653.303399 complete key \r 0xd
1451675653.303550 unref client 7 (2 references)
1451675653.303679 event dispatch exit
1451675653.304040 format '[#S] ' -> '[0] '
1451675653.304277 format ' "#{=21:pane_title}" 21:14 01-Jan-16' -> ' "Negoiu" 21:14 01-Jan-16'
1451675653.304544 format '#{window_flags}' -> '*'
1451675653.304640 format '#I:#W#{?window_flags,#{window_flags}, }' -> '0:bash*'
1451675653.305070 @0 active pane not changed
1451675653.305153 event dispatch enter
1451675653.305259 event dispatch exit
1451675653.305401 @0 active pane not changed
1451675653.305480 event dispatch enter
1451675654.647184 keys are 1 (\002)
1451675654.647355 complete key \002 0x2
1451675654.647524 session 0 not pasting
1451675654.647643 event dispatch exit
1451675654.647933 format '[#S] ' -> '[0] '
1451675654.648177 format ' "#{=21:pane_title}" 21:14 01-Jan-16' -> ' "Negoiu" 21:14 01-Jan-16'
1451675654.648439 format '#{window_flags}' -> '*'
1451675654.648531 format '#I:#W#{?window_flags,#{window_flags}, }' -> '0:bash*'
1451675654.648662 @0 active pane not changed
1451675654.648745 event dispatch enter
1451675654.919157 keys are 1 (x)
1451675654.919326 complete key x 0x78
1451675654.919462 session 0 not pasting
1451675654.919571 continuing cmdq 0x81d2a4d8: flags=0, client=7
1451675654.919657 cmdq 0x81d2a4d8: confirm-before -p "kill-pane #P? (y/n)" kill-pane
1451675654.919887 format 'kill-pane #P? (y/n) ' -> 'kill-pane 0? (y/n) '
1451675654.919989 event dispatch exit
1451675654.920258 @0 active pane not changed
1451675654.920373 event dispatch enter
1451675654.920500 event dispatch exit
1451675654.920646 @0 active pane not changed
1451675654.920725 event dispatch enter
1451675656.231062 keys are 1 (y)
1451675656.231225 complete key y 0x79
1451675656.231416 continuing cmdq 0x81d2a4d8: flags=0, client=7
1451675656.231538 cmdq 0x81d2a4d8: kill-pane
1451675656.231627 cmd_find_pane: target none
1451675656.231711 \ts=$0
1451675656.231818 \twl=0 1 w=@0 bash
1451675656.231897 \twp=%0
1451675656.231976 \tidx=0
1451675656.232061 session 0 destroyed
1451675656.232154 session 0 has 3 references
1451675656.232239 session 0 has 2 references
1451675656.235973 session 0 has 1 references
1451675656.236148 unref client 7 (2 references)
1451675656.236238 event dispatch exit
1451675656.236321 writing 203 to client 7
1451675656.236404 event dispatch enter
1451675656.236537 session 0 freed (0 references)
1451675656.236698 event dispatch exit
1451675656.236801 event dispatch enter
1451675656.236907 got 205 from client 7
1451675656.237061 writing 204 to client 7
1451675656.237222 event dispatch exit
1451675656.237303 event dispatch enter
1451675656.237396 event dispatch exit
1451675656.237498 event dispatch enter
1451675656.238268 lost client 7
1451675656.238393 unref client 7 (1 references)
1451675656.238499 event dispatch exit
